SuperIDdemo/proguard-project.txt
# To enable ProGuard in your project, edit project.properties
# to define the proguard.config property as described in that file.
#
# Add project specific ProGuard rules here.
# By default, the flags in this file are appended to flags specified
# in ${sdk.dir}/tools/proguard/proguard-android.txt
# You can edit the include path and order by changing the ProGuard
# include property in project.properties.
#
# For more details, see
#   http://developer.android.com/guide/developing/tools/proguard.html

# Add any project specific keep options here:

# If your project uses WebView with JS, uncomment the following
# and specify the fully qualified class name to the JavaScript interface
# class:
#-keepclassmembers class fqcn.of.javascript.interface.for.webview {
#   public *;
#}

-libraryjars libs/umeng-update-v2.4.2.jar
-libraryjars libs/SuperIDSDK.jar
-libraryjars libs/httpmime-4.1.3.jar
-libraryjars libs/armeabi-v7a/libface-jni.so
-libraryjars libs/armeabi-v7a/libfacesdk.so

-keep class **.R$* {   
    *;   
}

-keep class com.isnc.facesdk.aty.**{*;}
-keep class com.isnc.facesdk.**{*;}
-keep class com.isnc.facesdk.common.**{*;}
-keep class com.isnc.facesdk.net.**{*;}
-keep class com.isnc.facesdk.view.**{*;}
-keep class com.isnc.facesdk.viewmodel.**{*;}
-keep class com.matrixcv.androidapi.face.**{*;}