SuperIDdemo/proguard/seeds.txt
com.isnc.superiddemo.Aty_AppGetFaceEmotion
com.isnc.superiddemo.Aty_AppGetFaceEmotion: Aty_AppGetFaceEmotion()
com.isnc.superiddemo.Aty_AppGetFaceEmotion: void btn_back(android.view.View)
com.isnc.superiddemo.Aty_GetFaceEmotion
com.isnc.superiddemo.Aty_GetFaceEmotion: Aty_GetFaceEmotion()
com.isnc.superiddemo.Aty_GetFaceEmotion: void btn_back(android.view.View)
com.isnc.superiddemo.Aty_Login
com.isnc.superiddemo.Aty_Login: Aty_Login()
com.isnc.superiddemo.Aty_Login: void btn_login(android.view.View)
com.isnc.superiddemo.Aty_Login: void btn_superidlogin(android.view.View)
com.isnc.superiddemo.Aty_Login: void btn_clear(android.view.View)
com.isnc.superiddemo.Aty_UserCenter
com.isnc.superiddemo.Aty_UserCenter: Aty_UserCenter()
com.isnc.superiddemo.Aty_UserCenter: void btn_unbundle(android.view.View)
com.isnc.superiddemo.Aty_UserCenter: void btn_facedata(android.view.View)
com.isnc.superiddemo.Aty_UserCenter: void btn_sciencefacedata(android.view.View)
com.isnc.superiddemo.Aty_UserCenter: void btn_logout(android.view.View)
com.isnc.superiddemo.Aty_Welcome
com.isnc.superiddemo.Aty_Welcome: Aty_Welcome()
com.isnc.superiddemo.R$array
com.isnc.superiddemo.R$array: int superid_country_group_a
com.isnc.superiddemo.R$array: int superid_country_group_b
com.isnc.superiddemo.R$array: int superid_country_group_c
com.isnc.superiddemo.R$array: int superid_country_group_d
com.isnc.superiddemo.R$array: int superid_country_group_e
com.isnc.superiddemo.R$array: int superid_country_group_f
com.isnc.superiddemo.R$array: int superid_country_group_g
com.isnc.superiddemo.R$array: int superid_country_group_h
com.isnc.superiddemo.R$array: int superid_country_group_i
com.isnc.superiddemo.R$array: int superid_country_group_j
com.isnc.superiddemo.R$array: int superid_country_group_k
com.isnc.superiddemo.R$array: int superid_country_group_l
com.isnc.superiddemo.R$array: int superid_country_group_m
com.isnc.superiddemo.R$array: int superid_country_group_n
com.isnc.superiddemo.R$array: int superid_country_group_o
com.isnc.superiddemo.R$array: int superid_country_group_p
com.isnc.superiddemo.R$array: int superid_country_group_q
com.isnc.superiddemo.R$array: int superid_country_group_r
com.isnc.superiddemo.R$array: int superid_country_group_s
com.isnc.superiddemo.R$array: int superid_country_group_t
com.isnc.superiddemo.R$array: int superid_country_group_u
com.isnc.superiddemo.R$array: int superid_country_group_v
com.isnc.superiddemo.R$array: int superid_country_group_w
com.isnc.superiddemo.R$array: int superid_country_group_x
com.isnc.superiddemo.R$array: int superid_country_group_y
com.isnc.superiddemo.R$attr
com.isnc.superiddemo.R$attr: R$attr()
...
com.isnc.facesdk.net.MsdkUpdateAppUid$SuccessCallback
com.isnc.facesdk.net.MsdkUpdateAppUid$SuccessCallback: void onSuccess(int)
com.isnc.facesdk.net.MsdkUserAddBehavior
com.isnc.facesdk.net.MsdkUserAddBehavior: MsdkUserAddBehavior(android.content.Context,java.lang.String,java.lang.String,java.lang.String,java.lang.String,com.isnc.facesdk.net.MsdkUserAddBehavior$SuccessCallback,com.isnc.facesdk.net.MsdkUserAddBehavior$FailCallback)
com.isnc.facesdk.net.MsdkUserAddBehavior$FailCallback
com.isnc.facesdk.net.MsdkUserAddBehavior$FailCallback: void onFail(int)
com.isnc.facesdk.net.MsdkUserAddBehavior$SuccessCallback
com.isnc.facesdk.net.MsdkUserAddBehavior$SuccessCallback: void onSuccess(int)
com.isnc.facesdk.net.N
com.isnc.facesdk.net.N: com.isnc.facesdk.net.MsdkThawAccount$FailCallback cV
com.isnc.facesdk.net.N: N(com.isnc.facesdk.net.MsdkThawAccount,com.isnc.facesdk.net.MsdkThawAccount$FailCallback)
com.isnc.facesdk.net.N: void onFail()
com.isnc.facesdk.net.NetStatusUtil
com.isnc.facesdk.net.NetStatusUtil: java.lang.String NETWORKTYPE_INVALID
com.isnc.facesdk.net.NetStatusUtil: java.lang.String NETWORKTYPE_WAP
com.isnc.facesdk.net.NetStatusUtil: java.lang.String NETWORKTYPE_2G
com.isnc.facesdk.net.NetStatusUtil: java.lang.String NETWORKTYPE_3G
com.isnc.facesdk.net.NetStatusUtil: java.lang.String NETWORKTYPE_WIFI
com.isnc.facesdk.net.NetStatusUtil: NetStatusUtil()
com.isnc.facesdk.net.NetStatusUtil: java.lang.String getNetWorkType(android.content.Context)
com.isnc.facesdk.net.O
com.isnc.facesdk.net.O: android.content.Context val$context
com.isnc.facesdk.net.O: com.isnc.facesdk.net.MsdkUidAuthorized$SuccessCallback cW
com.isnc.facesdk.net.O: com.isnc.facesdk.net.MsdkUidAuthorized$FailCallback cX
com.isnc.facesdk.net.O: O(com.isnc.facesdk.net.MsdkUidAuthorized,android.content.Context,com.isnc.facesdk.net.MsdkUidAuthorized$SuccessCallback,com.isnc.facesdk.net.MsdkUidAuthorized$FailCallback)
com.isnc.facesdk.net.O: void onSuccess(java.lang.String)
com.isnc.facesdk.net.P
com.isnc.facesdk.net.P: com.isnc.facesdk.net.MsdkUidAuthorized$FailCallback cX
com.isnc.facesdk.net.P: P(com.isnc.facesdk.net.MsdkUidAuthorized,com.isnc.facesdk.net.MsdkUidAuthorized$FailCallback)
com.isnc.facesdk.net.P: void onFail()
com.isnc.facesdk.net.Q
com.isnc.facesdk.net.Q: android.content.Context val$context
com.isnc.facesdk.net.Q: com.isnc.facesdk.net.MsdkUpdateAppInfo$SuccessCallback cY
com.isnc.facesdk.net.Q: com.isnc.facesdk.net.MsdkUpdateAppInfo$FailCallback cZ
com.isnc.facesdk.net.Q: Q(com.isnc.facesdk.net.MsdkUpdateAppInfo,android.content.Context,com.isnc.facesdk.net.MsdkUpdateAppInfo$SuccessCallback,com.isnc.facesdk.net.MsdkUpdateAppInfo$FailCallback)
com.isnc.facesdk.net.Q: void onSuccess(java.lang.String)
com.isnc.facesdk.net.R
com.isnc.facesdk.net.R: com.isnc.facesdk.net.MsdkUpdateAppInfo$FailCallback cZ
com.isnc.facesdk.net.R: R(com.isnc.facesdk.net.MsdkUpdateAppInfo,com.isnc.facesdk.net.MsdkUpdateAppInfo$FailCallback)
com.isnc.facesdk.net.R: void onFail()
com.isnc.facesdk.net.S
com.isnc.facesdk.net.S: android.content.Context val$context
com.isnc.facesdk.net.S: com.isnc.facesdk.net.MsdkUpdateAppUid$SuccessCallback da
com.isnc.facesdk.net.S: com.isnc.facesdk.net.MsdkUpdateAppUid$FailCallback db
com.isnc.facesdk.net.S: S(com.isnc.facesdk.net.MsdkUpdateAppUid,android.content.Context,com.isnc.facesdk.net.MsdkUpdateAppUid$SuccessCallback,com.isnc.facesdk.net.MsdkUpdateAppUid$FailCallback)
com.isnc.facesdk.net.S: void onSuccess(java.lang.String)
com.isnc.facesdk.net.T
com.isnc.facesdk.net.T: com.isnc.facesdk.net.MsdkUpdateAppUid$FailCallback db
com.isnc.facesdk.net.T: T(com.isnc.facesdk.net.MsdkUpdateAppUid,com.isnc.facesdk.net.MsdkUpdateAppUid$FailCallback)
com.isnc.facesdk.net.T: void onFail()