SuperIDdemo/proguard/mapping.txt
com.isnc.superiddemo.Aty_AppGetFaceEmotion -> com.isnc.superiddemo.Aty_AppGetFaceEmotion:
    double sex -> b
    double glasses -> c
    double beauty -> d
    double sunglasses -> e
    double mouth_open_wide -> f
    double eye_closed -> g
    double age -> h
    double beard -> i
    double smile -> j
    double happy -> k
    double angry -> l
    double calm -> m
    double surprised -> n
    double confused -> o
    double sad -> p
    double disgust -> q
    java.lang.String emotion -> r
    double maxValue -> a
    java.lang.String maxKey -> s
    void onCreate(android.os.Bundle) -> onCreate
    void setlist() -> a
    java.util.List getData() -> b
    void getIntentData() -> c
    void btn_back(android.view.View) -> btn_back
com.isnc.superiddemo.Aty_GetFaceEmotion -> com.isnc.superiddemo.Aty_GetFaceEmotion:
    double sex -> b
    double glasses -> c
    double beauty -> d
    double sunglasses -> e
    double mouth_open_wide -> f
    double eye_closed -> g
    double age -> h
    double beard -> i
    double smile -> j
    double happy -> k
    double angry -> l
    double calm -> m
    double surprised -> n
    double confused -> o
    double sad -> p
    double disgust -> q
    java.lang.String emotion -> r
    double maxValue -> a
    java.lang.String maxKey -> s
    android.widget.RelativeLayout rl -> t
    android.widget.LinearLayout ll -> u
    void onCreate(android.os.Bundle) -> onCreate
    void RequestFaceData() -> RequestFaceData
    void FaceDataCallback(java.lang.String) -> FaceDataCallback
    void GetFaceDataFail() -> GetFaceDataFail
    void setlist() -> a
    java.util.List getData() -> b
    void getIntentData(java.lang.String) -> a
    void btn_back(android.view.View) -> btn_back
com.isnc.superiddemo.Aty_Login -> com.isnc.superiddemo.Aty_Login:
    android.content.Context context -> a
    void onCreate(android.os.Bundle) -> onCreate
    void btn_login(android.view.View) -> btn_login
    void btn_superidlogin(android.view.View) -> btn_superidlogin
    void btn_clear(android.view.View) -> btn_clear
    void delete(java.io.File) -> a
    void onActivityResult(int,int,android.content.Intent) -> onActivityResult
com.isnc.superiddemo.Aty_UserCenter -> com.isnc.superiddemo.Aty_UserCenter:
    android.content.Context context -> a
    android.widget.Button btn_spbundle -> b
    android.widget.ImageView icon_sp -> c
    android.widget.ImageView avatarimg -> d
    android.widget.TextView tv_phonenum -> e
    android.widget.TextView tv_name -> f
    java.lang.String userinfo -> g
    void onCreate(android.os.Bundle) -> onCreate
    void btn_unbundle(android.view.View) -> btn_unbundle
    void btn_facedata(android.view.View) -> btn_facedata
    void btn_sciencefacedata(android.view.View) -> btn_sciencefacedata
    void btn_logout(android.view.View) -> btn_logout
    void onActivityResult(int,int,android.content.Intent) -> onActivityResult
    android.content.Context access$0(com.isnc.superiddemo.Aty_UserCenter) -> a
    android.widget.Button access$1(com.isnc.superiddemo.Aty_UserCenter) -> b
    android.widget.ImageView access$2(com.isnc.superiddemo.Aty_UserCenter) -> c
com.isnc.superiddemo.Aty_UserCenter$1 -> com.isnc.superiddemo.a:
    com.isnc.superiddemo.Aty_UserCenter this$0 -> a
    void imageLoad(android.widget.ImageView,android.graphics.Bitmap) -> imageLoad
com.isnc.superiddemo.Aty_UserCenter$2 -> com.isnc.superiddemo.b:
    com.isnc.superiddemo.Aty_UserCenter this$0 -> a
    void imageLoad(android.widget.ImageView,android.graphics.Bitmap) -> imageLoad
com.isnc.superiddemo.Aty_UserCenter$3 -> com.isnc.superiddemo.c:
    com.isnc.superiddemo.Aty_UserCenter this$0 -> a
    void onClick(android.content.DialogInterface,int) -> onClick
    com.isnc.superiddemo.Aty_UserCenter access$0(com.isnc.superiddemo.Aty_UserCenter$3) -> a
com.isnc.superiddemo.Aty_UserCenter$3$1 -> com.isnc.superiddemo.d:
    com.isnc.superiddemo.Aty_UserCenter$3 this$1 -> a
    void onSuccess(int) -> onSuccess
...
com.isnc.facesdk.FaceSDKMethod -> com.isnc.facesdk.FaceSDKMethod:
    int REQUEST_CODE -> REQUEST_CODE
    void initFaceSDK(android.content.Context) -> initFaceSDK
    void requestApptoken(android.content.Context,com.isnc.facesdk.FaceSDKMethod$SuccessCallback,com.isnc.facesdk.FaceSDKMethod$FailCallback) -> requestApptoken
    java.lang.String SendinfoToSuperID(android.content.Context,java.lang.String[]) -> SendinfoToSuperID
    void FaceLogin(android.app.Activity) -> FaceLogin
    void FaceLoginWithPhoneUid(android.app.Activity,java.lang.String,java.lang.String,java.lang.String) -> FaceLoginWithPhoneUid
    void FaceBundle(android.app.Activity,java.lang.String,java.lang.String) -> FaceBundle
    void FaceBundleWithPhone(android.app.Activity,java.lang.String,java.lang.String,java.lang.String) -> FaceBundleWithPhone
    void GetFaceEmotion(android.app.Activity) -> GetFaceEmotion
    void Unbundle(android.content.Context,com.isnc.facesdk.FaceSDKMethod$IntSuccessCallback,com.isnc.facesdk.FaceSDKMethod$IntFailCallback) -> Unbundle
    void UpdateAppUid(android.content.Context,java.lang.String,com.isnc.facesdk.FaceSDKMethod$IntSuccessCallback,com.isnc.facesdk.FaceSDKMethod$IntFailCallback) -> UpdateAppUid
    void UpdateAppInfo(android.content.Context,java.lang.String,com.isnc.facesdk.FaceSDKMethod$IntSuccessCallback,com.isnc.facesdk.FaceSDKMethod$IntFailCallback) -> UpdateAppInfo
com.isnc.facesdk.FaceSDKMethod$1 -> com.isnc.facesdk.FaceSDKMethod$1:
    void onSuccess(java.lang.String) -> onSuccess
com.isnc.facesdk.FaceSDKMethod$10 -> com.isnc.facesdk.FaceSDKMethod$10:
    com.isnc.facesdk.FaceSDKMethod$IntFailCallback val$failCallback -> val$failCallback
    void onFail(int) -> onFail
com.isnc.facesdk.FaceSDKMethod$11 -> com.isnc.facesdk.FaceSDKMethod$11:
    com.isnc.facesdk.FaceSDKMethod$IntSuccessCallback val$successCallback -> val$successCallback
    void onSuccess(int) -> onSuccess
com.isnc.facesdk.FaceSDKMethod$12 -> com.isnc.facesdk.FaceSDKMethod$12:
    com.isnc.facesdk.FaceSDKMethod$IntFailCallback val$failCallback -> val$failCallback
    void onFail(int) -> onFail
com.isnc.facesdk.FaceSDKMethod$13 -> com.isnc.facesdk.FaceSDKMethod$13:
    com.isnc.facesdk.FaceSDKMethod$IntSuccessCallback val$successCallback -> val$successCallback
    void onSuccess(int) -> onSuccess
com.isnc.facesdk.FaceSDKMethod$14 -> com.isnc.facesdk.FaceSDKMethod$14:
    com.isnc.facesdk.FaceSDKMethod$IntFailCallback val$failCallback -> val$failCallback
    void onFail(int) -> onFail
com.isnc.facesdk.FaceSDKMethod$15 -> com.isnc.facesdk.FaceSDKMethod$15:
    void onSuccess(int) -> onSuccess
com.isnc.facesdk.FaceSDKMethod$16 -> com.isnc.facesdk.FaceSDKMethod$16:
    void onFail(int) -> onFail
com.isnc.facesdk.FaceSDKMethod$17 -> com.isnc.facesdk.FaceSDKMethod$17:
    void onSuccess(int) -> onSuccess
com.isnc.facesdk.FaceSDKMethod$18 -> com.isnc.facesdk.FaceSDKMethod$18:
    void onFail(int) -> onFail
com.isnc.facesdk.FaceSDKMethod$2 -> com.isnc.facesdk.FaceSDKMethod$2:
    void onFail() -> onFail
com.isnc.facesdk.FaceSDKMethod$3 -> com.isnc.facesdk.FaceSDKMethod$3:
    android.content.Context val$context -> val$context
    com.isnc.facesdk.FaceSDKMethod$SuccessCallback val$successCallback -> val$successCallback
    void onSuccess(org.json.JSONObject) -> onSuccess
com.isnc.facesdk.FaceSDKMethod$4 -> com.isnc.facesdk.FaceSDKMethod$4:
    android.content.Context val$context -> val$context
    com.isnc.facesdk.FaceSDKMethod$FailCallback val$failCallback -> val$failCallback
    void onFail() -> onFail
com.isnc.facesdk.FaceSDKMethod$5 -> com.isnc.facesdk.FaceSDKMethod$5:
    android.content.Context val$context -> val$context
    com.isnc.facesdk.FaceSDKMethod$IntSuccessCallback val$successCallback -> val$successCallback
    void onSuccess(int) -> onSuccess
com.isnc.facesdk.FaceSDKMethod$6 -> com.isnc.facesdk.FaceSDKMethod$6:
    com.isnc.facesdk.FaceSDKMethod$IntFailCallback val$failCallback -> val$failCallback
    void onFail(int) -> onFail