SuperIDdemo/proguard/usage.txt
com.isnc.superiddemo.BuildConfig
com.isnc.superiddemo.R:
    10:10:public R()
...
com.umeng.update.net.h
com.umeng.update.net.i
com.umeng.update.net.i$a
com.umeng.update.net.j:
    private static final long c
    private static final long d
    private static final long e
    87:92:private static java.lang.String b(java.lang.String)
    120:167:public static java.lang.String a(android.content.Context,java.lang.String)
    326:340:protected static java.io.File b(android.content.Context,java.lang.String)
    357:358:public static void a(android.content.Context,android.widget.ImageView,java.lang.String,boolean)
    374:375:public static void a(android.content.Context,android.widget.ImageView,java.lang.String,boolean,com.umeng.update.net.j$a)
    393:394:public static void a(android.content.Context,android.widget.ImageView,java.lang.String,boolean,com.umeng.update.net.j$a,android.view.animation.Animation)
    413:434:public static void a(android.content.Context,android.widget.ImageView,java.lang.String,boolean,com.umeng.update.net.j$a,android.view.animation.Animation,boolean)
    443:446:private static boolean a(android.widget.ImageView,java.lang.String)
    453:484:private static synchronized void b(android.content.Context,android.widget.ImageView,android.graphics.drawable.Drawable,boolean,com.umeng.update.net.j$a,android.view.animation.Animation,boolean,java.lang.String)
    566:572:private static android.graphics.drawable.Drawable c(java.lang.String)
    612:636:private static android.graphics.Bitmap a(android.graphics.Bitmap)
com.umeng.update.net.j$a
com.umeng.update.net.j$b
com.umeng.update.net.j$c
com.umeng.update.util.DeltaUpdate:
    private static final java.lang.String b
    10:10:public DeltaUpdate()
com.umeng.update.util.a
com.umeng.update.util.c
org.apache.http.entity.mime.Header:
    68:68:public java.util.List getFields()
    84:92:public java.util.List getFields(java.lang.String)
    97:106:public int removeFields(java.lang.String)
    110:133:public void setField(org.apache.http.entity.mime.MinimalField)
org.apache.http.entity.mime.HttpMultipart:
    138:139:public HttpMultipart(java.lang.String,java.nio.charset.Charset,java.lang.String)
    142:143:public HttpMultipart(java.lang.String,java.lang.String)
    146:146:public java.lang.String getSubType()
    150:150:public java.nio.charset.Charset getCharset()
    154:154:public org.apache.http.entity.mime.HttpMultipartMode getMode()
org.apache.http.entity.mime.MIME:
    public static final java.lang.String CONTENT_TYPE
    public static final java.lang.String CONTENT_TRANSFER_ENC
    public static final java.lang.String CONTENT_DISPOSITION
    public static final java.lang.String ENC_8BIT
    public static final java.lang.String ENC_BINARY
    36:36:public MIME()
org.apache.http.entity.mime.MultipartEntity:
    93:94:public MultipartEntity(org.apache.http.entity.mime.HttpMultipartMode)
org.apache.http.entity.mime.content.AbstractContentBody:
    61:61:public java.lang.String getMediaType()
    65:65:public java.lang.String getSubType()
org.apache.http.entity.mime.content.ByteArrayBody
org.apache.http.entity.mime.content.ContentDescriptor:
    public abstract java.lang.String getMediaType()
    public abstract java.lang.String getSubType()
org.apache.http.entity.mime.content.FileBody:
    85:85:public java.io.InputStream getInputStream()
    93:94:public void writeTo(java.io.OutputStream,int)
    130:130:public java.io.File getFile()
org.apache.http.entity.mime.content.InputStreamBody
org.apache.http.entity.mime.content.StringBody:
    58:60:public static org.apache.http.entity.mime.content.StringBody create(java.lang.String,java.lang.String,java.nio.charset.Charset)
    69:69:public static org.apache.http.entity.mime.content.StringBody create(java.lang.String,java.nio.charset.Charset)
    76:76:public static org.apache.http.entity.mime.content.StringBody create(java.lang.String)
    126:127:public StringBody(java.lang.String)
    130:130:public java.io.Reader getReader()
    140:141:public void writeTo(java.io.OutputStream,int)